<?xml version="1.0" encoding="UTF-8"?>
<!-- Generated by org.testng.reporters.JUnitXMLReporter -->
<testsuite ignored="0" hostname="DESKTOP-3PL39DV" failures="0" tests="9" name="Surefire test" time="79.148" errors="0" timestamp="2025-01-22T13:42:36 EET">
  <testcase classname="org.tests.SubscriptionPackages" name="checkPriceSubscriptionVeryCountry" time="2.557"/>
  <testcase classname="org.tests.SubscriptionPackages" name="checkPriceSubscriptionVeryCountry" time="2.697"/>
  <testcase classname="org.tests.SubscriptionPackages" name="checkPriceSubscriptionVeryCountry" time="2.98"/>
  <testcase classname="org.tests.SubscriptionPackages" name="checkTypeOFSubscriptionVeryCountry" time="2.604"/>
  <testcase classname="org.tests.SubscriptionPackages" name="checkTypeOFSubscriptionVeryCountry" time="2.737"/>
  <testcase classname="org.tests.SubscriptionPackages" name="checkTypeOFSubscriptionVeryCountry" time="3.025"/>
  <testcase classname="org.tests.SubscriptionPackages" name="checkCurrencySubscriptionVeryCountry" time="2.96"/>
  <testcase classname="org.tests.SubscriptionPackages" name="checkCurrencySubscriptionVeryCountry" time="2.578"/>
  <testcase classname="org.tests.SubscriptionPackages" name="checkCurrencySubscriptionVeryCountry" time="2.682"/>
</testsuite> <!-- Surefire test -->
