<?xml version="1.0" encoding="UTF-8"?>
<!-- Generated by org.testng.reporters.JUnitXMLReporter -->
<testsuite ignored="0" hostname="DESKTOP-3PL39DV" failures="0" tests="9" name="Surefire test" time="98.954" errors="0" timestamp="2025-01-21T17:15:42 EET">
  <testcase classname="org.tests.SubscriptionPackages" name="checkPriceSubscriptionVeryCountry" time="2.682"/>
  <testcase classname="org.tests.SubscriptionPackages" name="checkPriceSubscriptionVeryCountry" time="2.896"/>
  <testcase classname="org.tests.SubscriptionPackages" name="checkPriceSubscriptionVeryCountry" time="2.71"/>
  <testcase classname="org.tests.SubscriptionPackages" name="checkTypeOFSubscriptionVeryCountry" time="7.324"/>
  <testcase classname="org.tests.SubscriptionPackages" name="checkTypeOFSubscriptionVeryCountry" time="2.726"/>
  <testcase classname="org.tests.SubscriptionPackages" name="checkTypeOFSubscriptionVeryCountry" time="2.972"/>
  <testcase classname="org.tests.SubscriptionPackages" name="checkCurrencySubscriptionVeryCountry" time="3.096"/>
  <testcase classname="org.tests.SubscriptionPackages" name="checkCurrencySubscriptionVeryCountry" time="2.514"/>
  <testcase classname="org.tests.SubscriptionPackages" name="checkCurrencySubscriptionVeryCountry" time="2.439"/>
</testsuite> <!-- Surefire test -->
