<?xml version="1.0" encoding="UTF-8"?>
<testng-results ignored="0" total="9" passed="9" failed="0" skipped="0">
  <reporter-output>
  </reporter-output>
  <suite started-at="2025-01-22T13:41:17 EET" name="Surefire suite" finished-at="2025-01-22T13:42:36 EET" duration-ms="79148">
    <groups>
    </groups>
    <test started-at="2025-01-22T13:41:17 EET" name="Surefire test" finished-at="2025-01-22T13:42:36 EET" duration-ms="79148">
      <class name="org.tests.SubscriptionPackages">
        <test-method is-config="true" signature="startDriver(java.lang.String)[pri:0, instance:org.tests.SubscriptionPackages@527e5409]" started-at="2025-01-22T13:41:17 EET" name="startDriver" finished-at="2025-01-22T13:41:25 EET" duration-ms="8001" status="PASS">
          <params>
            <param index="0">
              <value>
                <![CDATA[chrome]]>
              </value>
            </param>
          </params>
          <reporter-output>
          </reporter-output>
        </test-method> <!-- startDriver -->
        <test-method signature="checkPriceSubscriptionVeryCountry(java.lang.String,org.openqa.selenium.By,java.lang.String,java.lang.String,java.lang.String)[pri:0, instance:org.tests.SubscriptionPackages@527e5409]" started-at="2025-01-22T13:41:25 EET" name="checkPriceSubscriptionVeryCountry" description="Verify price of subscription for country" data-provider="Country-List-Test-Data" finished-at="2025-01-22T13:41:28 EET" duration-ms="2557" status="PASS">
          <params>
            <param index="0">
              <value>
                <![CDATA[Egypt]]>
              </value>
            </param>
            <param index="1">
              <value>
                <![CDATA[By.cssSelector: #eg]]>
              </value>
            </param>
            <param index="2">
              <value>
                <![CDATA[CLASSIC]]>
              </value>
            </param>
            <param index="3">
              <value>
                <![CDATA[10.00]]>
              </value>
            </param>
            <param index="4">
              <value>
                <![CDATA[ Egyptian pound]]>
              </value>
            </param>
          </params>
          <reporter-output>
          </reporter-output>
        </test-method> <!-- checkPriceSubscriptionVeryCountry -->
        <test-method is-config="true" signature="takeScreenShotAfterTestFail(org.testng.ITestResult)[pri:0, instance:org.tests.SubscriptionPackages@527e5409]" started-at="2025-01-22T13:41:28 EET" name="takeScreenShotAfterTestFail" finished-at="2025-01-22T13:41:28 EET" duration-ms="2" status="PASS">
          <params>
            <param index="0">
              <value>
                <![CDATA[[TestResult name=checkPriceSubscriptionVeryCountry status=SUCCESS method=SubscriptionPackages.checkPriceSubscriptionVeryCountry(java.lang.String,org.openqa.selenium.By,java.lang.String,java.lang.String,java.lang.String)[pri:0, instance:org.tests.SubscriptionPackages@527e5409] output={null}]]]>
              </value>
            </param>
          </params>
          <reporter-output>
          </reporter-output>
        </test-method> <!-- takeScreenShotAfterTestFail -->
        <test-method is-config="true" signature="tearDown()[pri:0, instance:org.tests.SubscriptionPackages@527e5409]" started-at="2025-01-22T13:41:28 EET" name="tearDown" finished-at="2025-01-22T13:41:28 EET" duration-ms="499" status="PASS">
          <reporter-output>
          </reporter-output>
        </test-method> <!-- tearDown -->
        <test-method is-config="true" signature="startDriver(java.lang.String)[pri:0, instance:org.tests.SubscriptionPackages@527e5409]" started-at="2025-01-22T13:41:28 EET" name="startDriver" finished-at="2025-01-22T13:41:34 EET" duration-ms="5357" status="PASS">
          <params>
            <param index="0">
              <value>
                <![CDATA[chrome]]>
              </value>
            </param>
          </params>
          <reporter-output>
          </reporter-output>
        </test-method> <!-- startDriver -->
        <test-method signature="checkPriceSubscriptionVeryCountry(java.lang.String,org.openqa.selenium.By,java.lang.String,java.lang.String,java.lang.String)[pri:0, instance:org.tests.SubscriptionPackages@527e5409]" started-at="2025-01-22T13:41:34 EET" name="checkPriceSubscriptionVeryCountry" description="Verify price of subscription for country" data-provider="Country-List-Test-Data" finished-at="2025-01-22T13:41:36 EET" duration-ms="2697" status="PASS">
          <params>
            <param index="0">
              <value>
                <![CDATA[UAE]]>
              </value>
            </param>
            <param index="1">
              <value>
                <![CDATA[By.cssSelector: #ae]]>
              </value>
            </param>
            <param index="2">
              <value>
                <![CDATA[CLASSIC]]>
              </value>
            </param>
            <param index="3">
              <value>
                <![CDATA[10.00]]>
              </value>
            </param>
            <param index="4">
              <value>
                <![CDATA[AED]]>
              </value>
            </param>
          </params>
          <reporter-output>
          </reporter-output>
        </test-method> <!-- checkPriceSubscriptionVeryCountry -->
        <test-method is-config="true" signature="takeScreenShotAfterTestFail(org.testng.ITestResult)[pri:0, instance:org.tests.SubscriptionPackages@527e5409]" started-at="2025-01-22T13:41:36 EET" name="takeScreenShotAfterTestFail" finished-at="2025-01-22T13:41:36 EET" duration-ms="0" status="PASS">
          <params>
            <param index="0">
              <value>
                <![CDATA[[TestResult name=checkPriceSubscriptionVeryCountry status=SUCCESS method=SubscriptionPackages.checkPriceSubscriptionVeryCountry(java.lang.String,org.openqa.selenium.By,java.lang.String,java.lang.String,java.lang.String)[pri:0, instance:org.tests.SubscriptionPackages@527e5409] output={null}]]]>
              </value>
            </param>
          </params>
          <reporter-output>
          </reporter-output>
        </test-method> <!-- takeScreenShotAfterTestFail -->
        <test-method is-config="true" signature="tearDown()[pri:0, instance:org.tests.SubscriptionPackages@527e5409]" started-at="2025-01-22T13:41:36 EET" name="tearDown" finished-at="2025-01-22T13:41:37 EET" duration-ms="386" status="PASS">
          <reporter-output>
          </reporter-output>
        </test-method> <!-- tearDown -->
        <test-method is-config="true" signature="startDriver(java.lang.String)[pri:0, instance:org.tests.SubscriptionPackages@527e5409]" started-at="2025-01-22T13:41:37 EET" name="startDriver" finished-at="2025-01-22T13:41:43 EET" duration-ms="5773" status="PASS">
          <params>
            <param index="0">
              <value>
                <![CDATA[chrome]]>
              </value>
            </param>
          </params>
          <reporter-output>
          </reporter-output>
        </test-method> <!-- startDriver -->
        <test-method signature="checkPriceSubscriptionVeryCountry(java.lang.String,org.openqa.selenium.By,java.lang.String,java.lang.String,java.lang.String)[pri:0, instance:org.tests.SubscriptionPackages@527e5409]" started-at="2025-01-22T13:41:43 EET" name="checkPriceSubscriptionVeryCountry" description="Verify price of subscription for country" data-provider="Country-List-Test-Data" finished-at="2025-01-22T13:41:45 EET" duration-ms="2980" status="PASS">
          <params>
            <param index="0">
              <value>
                <![CDATA[Jordon]]>
              </value>
            </param>
            <param index="1">
              <value>
                <![CDATA[By.cssSelector: #jo]]>
              </value>
            </param>
            <param index="2">
              <value>
                <![CDATA[CLASSIC]]>
              </value>
            </param>
            <param index="3">
              <value>
                <![CDATA[0.99]]>
              </value>
            </param>
            <param index="4">
              <value>
                <![CDATA[JOD]]>
              </value>
            </param>
          </params>
          <reporter-output>
          </reporter-output>
        </test-method> <!-- checkPriceSubscriptionVeryCountry -->
        <test-method is-config="true" signature="takeScreenShotAfterTestFail(org.testng.ITestResult)[pri:0, instance:org.tests.SubscriptionPackages@527e5409]" started-at="2025-01-22T13:41:45 EET" name="takeScreenShotAfterTestFail" finished-at="2025-01-22T13:41:45 EET" duration-ms="1" status="PASS">
          <params>
            <param index="0">
              <value>
                <![CDATA[[TestResult name=checkPriceSubscriptionVeryCountry status=SUCCESS method=SubscriptionPackages.checkPriceSubscriptionVeryCountry(java.lang.String,org.openqa.selenium.By,java.lang.String,java.lang.String,java.lang.String)[pri:0, instance:org.tests.SubscriptionPackages@527e5409] output={null}]]]>
              </value>
            </param>
          </params>
          <reporter-output>
          </reporter-output>
        </test-method> <!-- takeScreenShotAfterTestFail -->
        <test-method is-config="true" signature="tearDown()[pri:0, instance:org.tests.SubscriptionPackages@527e5409]" started-at="2025-01-22T13:41:45 EET" name="tearDown" finished-at="2025-01-22T13:41:46 EET" duration-ms="430" status="PASS">
          <reporter-output>
          </reporter-output>
        </test-method> <!-- tearDown -->
        <test-method is-config="true" signature="startDriver(java.lang.String)[pri:0, instance:org.tests.SubscriptionPackages@527e5409]" started-at="2025-01-22T13:41:46 EET" name="startDriver" finished-at="2025-01-22T13:41:51 EET" duration-ms="5074" status="PASS">
          <params>
            <param index="0">
              <value>
                <![CDATA[chrome]]>
              </value>
            </param>
          </params>
          <reporter-output>
          </reporter-output>
        </test-method> <!-- startDriver -->
        <test-method signature="checkTypeOFSubscriptionVeryCountry(java.lang.String,org.openqa.selenium.By,java.lang.String,java.lang.String,java.lang.String)[pri:1, instance:org.tests.SubscriptionPackages@527e5409]" started-at="2025-01-22T13:41:51 EET" name="checkTypeOFSubscriptionVeryCountry" description="Verify type of subscription for country" data-provider="Country-List-Test-Data" finished-at="2025-01-22T13:41:54 EET" duration-ms="2604" status="PASS">
          <params>
            <param index="0">
              <value>
                <![CDATA[Egypt]]>
              </value>
            </param>
            <param index="1">
              <value>
                <![CDATA[By.cssSelector: #eg]]>
              </value>
            </param>
            <param index="2">
              <value>
                <![CDATA[CLASSIC]]>
              </value>
            </param>
            <param index="3">
              <value>
                <![CDATA[10.00]]>
              </value>
            </param>
            <param index="4">
              <value>
                <![CDATA[ Egyptian pound]]>
              </value>
            </param>
          </params>
          <reporter-output>
          </reporter-output>
        </test-method> <!-- checkTypeOFSubscriptionVeryCountry -->
        <test-method is-config="true" signature="tearDown()[pri:0, instance:org.tests.SubscriptionPackages@527e5409]" started-at="2025-01-22T13:41:54 EET" name="tearDown" finished-at="2025-01-22T13:41:54 EET" duration-ms="465" status="PASS">
          <reporter-output>
          </reporter-output>
        </test-method> <!-- tearDown -->
        <test-method is-config="true" signature="takeScreenShotAfterTestFail(org.testng.ITestResult)[pri:0, instance:org.tests.SubscriptionPackages@527e5409]" started-at="2025-01-22T13:41:54 EET" name="takeScreenShotAfterTestFail" finished-at="2025-01-22T13:41:54 EET" duration-ms="0" status="PASS">
          <params>
            <param index="0">
              <value>
                <![CDATA[[TestResult name=checkTypeOFSubscriptionVeryCountry status=SUCCESS method=SubscriptionPackages.checkTypeOFSubscriptionVeryCountry(java.lang.String,org.openqa.selenium.By,java.lang.String,java.lang.String,java.lang.String)[pri:1, instance:org.tests.SubscriptionPackages@527e5409] output={null}]]]>
              </value>
            </param>
          </params>
          <reporter-output>
          </reporter-output>
        </test-method> <!-- takeScreenShotAfterTestFail -->
        <test-method is-config="true" signature="startDriver(java.lang.String)[pri:0, instance:org.tests.SubscriptionPackages@527e5409]" started-at="2025-01-22T13:41:54 EET" name="startDriver" finished-at="2025-01-22T13:42:00 EET" duration-ms="5598" status="PASS">
          <params>
            <param index="0">
              <value>
                <![CDATA[chrome]]>
              </value>
            </param>
          </params>
          <reporter-output>
          </reporter-output>
        </test-method> <!-- startDriver -->
        <test-method signature="checkTypeOFSubscriptionVeryCountry(java.lang.String,org.openqa.selenium.By,java.lang.String,java.lang.String,java.lang.String)[pri:1, instance:org.tests.SubscriptionPackages@527e5409]" started-at="2025-01-22T13:42:00 EET" name="checkTypeOFSubscriptionVeryCountry" description="Verify type of subscription for country" data-provider="Country-List-Test-Data" finished-at="2025-01-22T13:42:02 EET" duration-ms="2737" status="PASS">
          <params>
            <param index="0">
              <value>
                <![CDATA[UAE]]>
              </value>
            </param>
            <param index="1">
              <value>
                <![CDATA[By.cssSelector: #ae]]>
              </value>
            </param>
            <param index="2">
              <value>
                <![CDATA[CLASSIC]]>
              </value>
            </param>
            <param index="3">
              <value>
                <![CDATA[10.00]]>
              </value>
            </param>
            <param index="4">
              <value>
                <![CDATA[AED]]>
              </value>
            </param>
          </params>
          <reporter-output>
          </reporter-output>
        </test-method> <!-- checkTypeOFSubscriptionVeryCountry -->
        <test-method is-config="true" signature="takeScreenShotAfterTestFail(org.testng.ITestResult)[pri:0, instance:org.tests.SubscriptionPackages@527e5409]" started-at="2025-01-22T13:42:02 EET" name="takeScreenShotAfterTestFail" finished-at="2025-01-22T13:42:02 EET" duration-ms="0" status="PASS">
          <params>
            <param index="0">
              <value>
                <![CDATA[[TestResult name=checkTypeOFSubscriptionVeryCountry status=SUCCESS method=SubscriptionPackages.checkTypeOFSubscriptionVeryCountry(java.lang.String,org.openqa.selenium.By,java.lang.String,java.lang.String,java.lang.String)[pri:1, instance:org.tests.SubscriptionPackages@527e5409] output={null}]]]>
              </value>
            </param>
          </params>
          <reporter-output>
          </reporter-output>
        </test-method> <!-- takeScreenShotAfterTestFail -->
        <test-method is-config="true" signature="tearDown()[pri:0, instance:org.tests.SubscriptionPackages@527e5409]" started-at="2025-01-22T13:42:02 EET" name="tearDown" finished-at="2025-01-22T13:42:03 EET" duration-ms="600" status="PASS">
          <reporter-output>
          </reporter-output>
        </test-method> <!-- tearDown -->
        <test-method is-config="true" signature="startDriver(java.lang.String)[pri:0, instance:org.tests.SubscriptionPackages@527e5409]" started-at="2025-01-22T13:42:03 EET" name="startDriver" finished-at="2025-01-22T13:42:08 EET" duration-ms="5280" status="PASS">
          <params>
            <param index="0">
              <value>
                <![CDATA[chrome]]>
              </value>
            </param>
          </params>
          <reporter-output>
          </reporter-output>
        </test-method> <!-- startDriver -->
        <test-method signature="checkTypeOFSubscriptionVeryCountry(java.lang.String,org.openqa.selenium.By,java.lang.String,java.lang.String,java.lang.String)[pri:1, instance:org.tests.SubscriptionPackages@527e5409]" started-at="2025-01-22T13:42:08 EET" name="checkTypeOFSubscriptionVeryCountry" description="Verify type of subscription for country" data-provider="Country-List-Test-Data" finished-at="2025-01-22T13:42:11 EET" duration-ms="3025" status="PASS">
          <params>
            <param index="0">
              <value>
                <![CDATA[Jordon]]>
              </value>
            </param>
            <param index="1">
              <value>
                <![CDATA[By.cssSelector: #jo]]>
              </value>
            </param>
            <param index="2">
              <value>
                <![CDATA[CLASSIC]]>
              </value>
            </param>
            <param index="3">
              <value>
                <![CDATA[0.99]]>
              </value>
            </param>
            <param index="4">
              <value>
                <![CDATA[JOD]]>
              </value>
            </param>
          </params>
          <reporter-output>
          </reporter-output>
        </test-method> <!-- checkTypeOFSubscriptionVeryCountry -->
        <test-method is-config="true" signature="takeScreenShotAfterTestFail(org.testng.ITestResult)[pri:0, instance:org.tests.SubscriptionPackages@527e5409]" started-at="2025-01-22T13:42:11 EET" name="takeScreenShotAfterTestFail" finished-at="2025-01-22T13:42:11 EET" duration-ms="1" status="PASS">
          <params>
            <param index="0">
              <value>
                <![CDATA[[TestResult name=checkTypeOFSubscriptionVeryCountry status=SUCCESS method=SubscriptionPackages.checkTypeOFSubscriptionVeryCountry(java.lang.String,org.openqa.selenium.By,java.lang.String,java.lang.String,java.lang.String)[pri:1, instance:org.tests.SubscriptionPackages@527e5409] output={null}]]]>
              </value>
            </param>
          </params>
          <reporter-output>
          </reporter-output>
        </test-method> <!-- takeScreenShotAfterTestFail -->
        <test-method is-config="true" signature="tearDown()[pri:0, instance:org.tests.SubscriptionPackages@527e5409]" started-at="2025-01-22T13:42:11 EET" name="tearDown" finished-at="2025-01-22T13:42:12 EET" duration-ms="349" status="PASS">
          <reporter-output>
          </reporter-output>
        </test-method> <!-- tearDown -->
        <test-method is-config="true" signature="startDriver(java.lang.String)[pri:0, instance:org.tests.SubscriptionPackages@527e5409]" started-at="2025-01-22T13:42:12 EET" name="startDriver" finished-at="2025-01-22T13:42:17 EET" duration-ms="5052" status="PASS">
          <params>
            <param index="0">
              <value>
                <![CDATA[chrome]]>
              </value>
            </param>
          </params>
          <reporter-output>
          </reporter-output>
        </test-method> <!-- startDriver -->
        <test-method signature="checkCurrencySubscriptionVeryCountry(java.lang.String,org.openqa.selenium.By,java.lang.String,java.lang.String,java.lang.String)[pri:2, instance:org.tests.SubscriptionPackages@527e5409]" started-at="2025-01-22T13:42:17 EET" name="checkCurrencySubscriptionVeryCountry" description="Verify currency of subscription for country" data-provider="Country-List-Test-Data" finished-at="2025-01-22T13:42:20 EET" duration-ms="2960" status="PASS">
          <params>
            <param index="0">
              <value>
                <![CDATA[Egypt]]>
              </value>
            </param>
            <param index="1">
              <value>
                <![CDATA[By.cssSelector: #eg]]>
              </value>
            </param>
            <param index="2">
              <value>
                <![CDATA[CLASSIC]]>
              </value>
            </param>
            <param index="3">
              <value>
                <![CDATA[10.00]]>
              </value>
            </param>
            <param index="4">
              <value>
                <![CDATA[ Egyptian pound]]>
              </value>
            </param>
          </params>
          <reporter-output>
          </reporter-output>
        </test-method> <!-- checkCurrencySubscriptionVeryCountry -->
        <test-method is-config="true" signature="takeScreenShotAfterTestFail(org.testng.ITestResult)[pri:0, instance:org.tests.SubscriptionPackages@527e5409]" started-at="2025-01-22T13:42:20 EET" name="takeScreenShotAfterTestFail" finished-at="2025-01-22T13:42:20 EET" duration-ms="0" status="PASS">
          <params>
            <param index="0">
              <value>
                <![CDATA[[TestResult name=checkCurrencySubscriptionVeryCountry status=SUCCESS method=SubscriptionPackages.checkCurrencySubscriptionVeryCountry(java.lang.String,org.openqa.selenium.By,java.lang.String,java.lang.String,java.lang.String)[pri:2, instance:org.tests.SubscriptionPackages@527e5409] output={null}]]]>
              </value>
            </param>
          </params>
          <reporter-output>
          </reporter-output>
        </test-method> <!-- takeScreenShotAfterTestFail -->
        <test-method is-config="true" signature="tearDown()[pri:0, instance:org.tests.SubscriptionPackages@527e5409]" started-at="2025-01-22T13:42:20 EET" name="tearDown" finished-at="2025-01-22T13:42:20 EET" duration-ms="367" status="PASS">
          <reporter-output>
          </reporter-output>
        </test-method> <!-- tearDown -->
        <test-method is-config="true" signature="startDriver(java.lang.String)[pri:0, instance:org.tests.SubscriptionPackages@527e5409]" started-at="2025-01-22T13:42:20 EET" name="startDriver" finished-at="2025-01-22T13:42:25 EET" duration-ms="5155" status="PASS">
          <params>
            <param index="0">
              <value>
                <![CDATA[chrome]]>
              </value>
            </param>
          </params>
          <reporter-output>
          </reporter-output>
        </test-method> <!-- startDriver -->
        <test-method signature="checkCurrencySubscriptionVeryCountry(java.lang.String,org.openqa.selenium.By,java.lang.String,java.lang.String,java.lang.String)[pri:2, instance:org.tests.SubscriptionPackages@527e5409]" started-at="2025-01-22T13:42:25 EET" name="checkCurrencySubscriptionVeryCountry" description="Verify currency of subscription for country" data-provider="Country-List-Test-Data" finished-at="2025-01-22T13:42:28 EET" duration-ms="2578" status="PASS">
          <params>
            <param index="0">
              <value>
                <![CDATA[UAE]]>
              </value>
            </param>
            <param index="1">
              <value>
                <![CDATA[By.cssSelector: #ae]]>
              </value>
            </param>
            <param index="2">
              <value>
                <![CDATA[CLASSIC]]>
              </value>
            </param>
            <param index="3">
              <value>
                <![CDATA[10.00]]>
              </value>
            </param>
            <param index="4">
              <value>
                <![CDATA[AED]]>
              </value>
            </param>
          </params>
          <reporter-output>
          </reporter-output>
        </test-method> <!-- checkCurrencySubscriptionVeryCountry -->
        <test-method is-config="true" signature="takeScreenShotAfterTestFail(org.testng.ITestResult)[pri:0, instance:org.tests.SubscriptionPackages@527e5409]" started-at="2025-01-22T13:42:28 EET" name="takeScreenShotAfterTestFail" finished-at="2025-01-22T13:42:28 EET" duration-ms="1" status="PASS">
          <params>
            <param index="0">
              <value>
                <![CDATA[[TestResult name=checkCurrencySubscriptionVeryCountry status=SUCCESS method=SubscriptionPackages.checkCurrencySubscriptionVeryCountry(java.lang.String,org.openqa.selenium.By,java.lang.String,java.lang.String,java.lang.String)[pri:2, instance:org.tests.SubscriptionPackages@527e5409] output={null}]]]>
              </value>
            </param>
          </params>
          <reporter-output>
          </reporter-output>
        </test-method> <!-- takeScreenShotAfterTestFail -->
        <test-method is-config="true" signature="tearDown()[pri:0, instance:org.tests.SubscriptionPackages@527e5409]" started-at="2025-01-22T13:42:28 EET" name="tearDown" finished-at="2025-01-22T13:42:28 EET" duration-ms="450" status="PASS">
          <reporter-output>
          </reporter-output>
        </test-method> <!-- tearDown -->
        <test-method is-config="true" signature="startDriver(java.lang.String)[pri:0, instance:org.tests.SubscriptionPackages@527e5409]" started-at="2025-01-22T13:42:28 EET" name="startDriver" finished-at="2025-01-22T13:42:33 EET" duration-ms="4950" status="PASS">
          <params>
            <param index="0">
              <value>
                <![CDATA[chrome]]>
              </value>
            </param>
          </params>
          <reporter-output>
          </reporter-output>
        </test-method> <!-- startDriver -->
        <test-method signature="checkCurrencySubscriptionVeryCountry(java.lang.String,org.openqa.selenium.By,java.lang.String,java.lang.String,java.lang.String)[pri:2, instance:org.tests.SubscriptionPackages@527e5409]" started-at="2025-01-22T13:42:33 EET" name="checkCurrencySubscriptionVeryCountry" description="Verify currency of subscription for country" data-provider="Country-List-Test-Data" finished-at="2025-01-22T13:42:36 EET" duration-ms="2682" status="PASS">
          <params>
            <param index="0">
              <value>
                <![CDATA[Jordon]]>
              </value>
            </param>
            <param index="1">
              <value>
                <![CDATA[By.cssSelector: #jo]]>
              </value>
            </param>
            <param index="2">
              <value>
                <![CDATA[CLASSIC]]>
              </value>
            </param>
            <param index="3">
              <value>
                <![CDATA[0.99]]>
              </value>
            </param>
            <param index="4">
              <value>
                <![CDATA[JOD]]>
              </value>
            </param>
          </params>
          <reporter-output>
          </reporter-output>
        </test-method> <!-- checkCurrencySubscriptionVeryCountry -->
        <test-method is-config="true" signature="tearDown()[pri:0, instance:org.tests.SubscriptionPackages@527e5409]" started-at="2025-01-22T13:42:36 EET" name="tearDown" finished-at="2025-01-22T13:42:36 EET" duration-ms="445" status="PASS">
          <reporter-output>
          </reporter-output>
        </test-method> <!-- tearDown -->
        <test-method is-config="true" signature="takeScreenShotAfterTestFail(org.testng.ITestResult)[pri:0, instance:org.tests.SubscriptionPackages@527e5409]" started-at="2025-01-22T13:42:36 EET" name="takeScreenShotAfterTestFail" finished-at="2025-01-22T13:42:36 EET" duration-ms="0" status="PASS">
          <params>
            <param index="0">
              <value>
                <![CDATA[[TestResult name=checkCurrencySubscriptionVeryCountry status=SUCCESS method=SubscriptionPackages.checkCurrencySubscriptionVeryCountry(java.lang.String,org.openqa.selenium.By,java.lang.String,java.lang.String,java.lang.String)[pri:2, instance:org.tests.SubscriptionPackages@527e5409] output={null}]]]>
              </value>
            </param>
          </params>
          <reporter-output>
          </reporter-output>
        </test-method> <!-- takeScreenShotAfterTestFail -->
      </class> <!-- org.tests.SubscriptionPackages -->
    </test> <!-- Surefire test -->
  </suite> <!-- Surefire suite -->
</testng-results>
